Arguments: 
  /usr/bin/node /usr/share/yarn/bin/yarn.js add bootstrap cssbundling-rails

PATH: 
  /home/samuka/.asdf/shims:/home/samuka/.asdf/bin:/home/samuka/.rbenv/plugins/ruby-build/bin:/home/samuka/.rbenv/bin:/home/samuka/.rvm/gems/ruby-3.1.0/bin:/home/samuka/.rvm/gems/ruby-3.1.0@global/bin:/home/samuka/.rvm/rubies/ruby-3.1.0/bin:/home/samuka/.rbenv/plugins/ruby-build/bin:/home/samuka/.rbenv/bin:/home/samuka/.rvm/gems/ruby-3.1.0/bin:/home/samuka/.rvm/gems/ruby-3.1.0@global/bin:/home/samuka/.rvm/rubies/ruby-3.1.0/bin:/usr/local/sbin:/usr/local/bin:/usr/sbin:/usr/bin:/sbin:/bin:/usr/games:/usr/local/games:/snap/bin:/snap/bin:/home/samuka/.rvm/bin:/home/samuka/.local/share/JetBrains/Toolbox/scripts:/home/samuka/.local/share/JetBrains/Toolbox/scripts:/home/samuka/.rvm/bin:/home/samuka/.rvm/bin:/home/samuka/.local/share/JetBrains/Toolbox/scripts:/home/samuka/.local/share/JetBrains/Toolbox/scripts:/home/samuka/.rvm/bin

Yarn version: 
  1.22.19

Node version: 
  14.21.3

Platform: 
  linux x64

Trace: 
  Error: https://registry.yarnpkg.com/cssbundling-rails: Not found
      at Request.params.callback [as _callback] (/usr/share/yarn/lib/cli.js:66145:18)
      at Request.self.callback (/usr/share/yarn/lib/cli.js:140890:22)
      at Request.emit (events.js:400:28)
      at Request.<anonymous> (/usr/share/yarn/lib/cli.js:141862:10)
      at Request.emit (events.js:400:28)
      at IncomingMessage.<anonymous> (/usr/share/yarn/lib/cli.js:141784:12)
      at Object.onceWrapper (events.js:519:28)
      at IncomingMessage.emit (events.js:412:35)
      at endReadableNT (internal/streams/readable.js:1333:12)
      at processTicksAndRejections (internal/process/task_queues.js:82:21)

npm manifest: 
  {
    "name": "AppML",
    "version": "1.0.0",
    "description": "Gerenciamento de Escalas para Ministério de Louvor",
    "main": "/",
    "repository": "git@github.com:samukaoliveira/appML.git",
    "author": "Samuel <mucabatera@gmail.com>",
    "license": "MIT"
  }

yarn manifest: 
  No manifest

Lockfile: 
  # THIS IS AN AUTOGENERATED FILE. DO NOT EDIT THIS FILE DIRECTLY.
  # yarn lockfile v1
